Build started 6/16/2015 11:01:08 PM.
     1>Project "C:\Users\Trevor\Documents\GitHub\Exam2\Exam2\Exam2.vcxproj" on node 2 (Build target(s)).
     1>ClCompile:
         C:\Program Files (x86)\Microsoft Visual Studio 12.0\VC\bin\CL.exe /c /ZI /nologo /W3 /WX- /Od /Oy- /D WIN32 /D _DEBUG /D _CONSOLE /D _LIB /D _UNICODE /D UNICODE /Gm /EHsc /RTC1 /MDd /GS /fp:precise /Zc:wchar_t /Zc:forScope /Fo"Debug\\" /Fd"Debug\vc120.pdb" /Gd /TP /analyze- /errorReport:prompt Runner.cpp
         Runner.cpp
     1>c:\users\trevor\documents\github\exam2\exam2\runner.cpp(61): error C2561: 'operator <<' : function must return a value
                 c:\users\trevor\documents\github\exam2\exam2\runner.h(32) : see declaration of 'operator <<'
     1>Done Building Project "C:\Users\Trevor\Documents\GitHub\Exam2\Exam2\Exam2.vcxproj" (Build target(s)) -- FAILED.

Build FAILED.

Time Elapsed 00:00:00.42
